2016-09-04 21:46:43,456 [ 1] INFO  PhotonHostRuntime.PhotonDomainManager - Initialize: ApplicationName = 'DefaultDomain', DomainID = '1'
2016-09-04 21:46:43,473 [ 1] INFO  PhotonHostRuntime.PhotonDomainManager - AppDomains with unhandled exceptions are usually not unloaded and restarted.
2016-09-04 21:46:43,479 [ 1] INFO  PhotonHostRuntime.PhotonDomainManager - Getting license information:
2016-09-04 21:46:44,378 [ 1] INFO  PhotonHostRuntime.PhotonLicensing - LICENSE: No license file was found - starting with Bootstrap License.
2016-09-04 21:46:44,381 [ 1] INFO  PhotonHostRuntime.PhotonLicensing - LICENSE: Expiration: never; floating license: no; max connections: 20; valid IPs: any
2016-09-04 21:46:44,874 [ 1] INFO  PhotonHostRuntime.PhotonDomainManager - CreateAppDomain: name = 'MmoDemo' , assemblyName = 'Photon.MmoDemo.Server'
2016-09-04 21:46:44,877 [ 1] INFO  PhotonHostRuntime.PhotonDomainManager -   ApplicationBase = 'D:\Work\theGameShop\git\Flipper\Server\FlipperServer\Photon-OnPremise-Server-SDK_v4-0-29-11263\deploy\bin_Win32'
2016-09-04 21:46:44,880 [ 1] INFO  PhotonHostRuntime.PhotonDomainManager -   PrivateBinPath = 'D:\Work\theGameShop\git\Flipper\Server\FlipperServer\Photon-OnPremise-Server-SDK_v4-0-29-11263\src-server\MMo\Photon.MmoDemo.Server\bin;MMo\Shared;'
2016-09-04 21:46:44,883 [ 1] INFO  PhotonHostRuntime.PhotonDomainManager -   ConfigurationFile = ''
2016-09-04 21:46:44,886 [ 1] INFO  PhotonHostRuntime.PhotonDomainManager -   CachePath = 'D:\Work\theGameShop\git\Flipper\Server\FlipperServer\Photon-OnPremise-Server-SDK_v4-0-29-11263\src-server\MMo\Photon.MmoDemo.Server\bin\Cache'
2016-09-04 21:46:45,044 [ 1] INFO  PhotonHostRuntime.PhotonDomainManager -   ApplicationPath = 'D:\Work\theGameShop\git\Flipper\Server\FlipperServer\Photon-OnPremise-Server-SDK_v4-0-29-11263\src-server\MMo\Photon.MmoDemo.Server'
2016-09-04 21:46:45,048 [ 1] INFO  PhotonHostRuntime.PhotonDomainManager -   BinaryPath = 'D:\Work\theGameShop\git\Flipper\Server\FlipperServer\Photon-OnPremise-Server-SDK_v4-0-29-11263\src-server\MMo\Photon.MmoDemo.Server\bin'
2016-09-04 21:46:45,052 [ 1] INFO  PhotonHostRuntime.PhotonDomainManager -   ApplicationRootPath = 'D:\Work\theGameShop\git\Flipper\Server\FlipperServer\Photon-OnPremise-Server-SDK_v4-0-29-11263\src-server\MMo'
2016-09-04 21:46:45,055 [ 1] INFO  PhotonHostRuntime.PhotonDomainManager -   UnmanagedLogPath = 'D:\Work\theGameShop\git\Flipper\Server\FlipperServer\Photon-OnPremise-Server-SDK_v4-0-29-11263\src-server\Mmo\log'
2016-09-04 21:46:45,063 [ 1] INFO  PhotonHostRuntime.PhotonDomainManager - AssemblyResolveEvent: ApplicationName = 'MmoDemo', DomainId='2', args.Name='Photon.MmoDemo.Server'
2016-09-04 21:46:45,096 [ 1] INFO  PhotonHostRuntime.PhotonDomainManager - AssemblyLoadEvent: Photon.MmoDemo.Server, Version=4.0.28.11221, Culture=neutral, PublicKeyToken=null from file:///D:/Work/theGameShop/git/Flipper/Server/FlipperServer/Photon-OnPremise-Server-SDK_v4-0-29-11263/src-server/MMo/Photon.MmoDemo.Server/bin/Photon.MmoDemo.Server.dll
2016-09-04 21:46:45,099 [ 1] INFO  PhotonHostRuntime.PhotonDomainManager - Photon SDK:4.0.28.11245
2016-09-04 21:46:45,148 [ 1] INFO  PhotonHostRuntime.PhotonDomainManager - AssemblyLoadEvent: Photon.SocketServer, Version=4.0.28.11245, Culture=neutral, PublicKeyToken=48c2fa3b6988090e from file:///D:/Work/theGameShop/git/Flipper/Server/FlipperServer/Photon-OnPremise-Server-SDK_v4-0-29-11263/src-server/MMo/Photon.MmoDemo.Server/bin/Photon.SocketServer.DLL
2016-09-04 21:46:45,183 [ 1] INFO  PhotonHostRuntime.PhotonDomainManager - AssemblyLoadEvent: ExitGamesLibs, Version=1.0.4.0, Culture=neutral, PublicKeyToken=eac0edd9746a4aa0 from file:///D:/Work/theGameShop/git/Flipper/Server/FlipperServer/Photon-OnPremise-Server-SDK_v4-0-29-11263/src-server/MMo/Photon.MmoDemo.Server/bin/ExitGamesLibs.DLL
2016-09-04 21:46:45,190 [ 1] INFO  PhotonHostRuntime.PhotonDomainManager - Starting: name = 'MmoDemo', assemblyName = 'Photon.MmoDemo.Server', typeName = 'Photon.MmoDemo.Server.PhotonApplication'
2016-09-04 21:46:45,247 [ 1] INFO  PhotonHostRuntime.PhotonDomainManager - PhotonRunning: ApplicationName = 'MmoDemo', DomainId='2' -- calling Application.Setup
2016-09-04 21:46:45,293 [ 1] INFO  PhotonHostRuntime.PhotonDomainManager - AssemblyLoadEvent: ExitGames.Logging.Log4Net, Version=1.0.4.0, Culture=neutral, PublicKeyToken=eac0edd9746a4aa0 from file:///D:/Work/theGameShop/git/Flipper/Server/FlipperServer/Photon-OnPremise-Server-SDK_v4-0-29-11263/src-server/MMo/Photon.MmoDemo.Server/bin/ExitGames.Logging.Log4Net.DLL
2016-09-04 21:46:45,437 [ 1] INFO  PhotonHostRuntime.PhotonDomainManager - AssemblyLoadEvent: Photon.MmoDemo.Common, Version=4.0.28.11221, Culture=neutral, PublicKeyToken=null from file:///D:/Work/theGameShop/git/Flipper/Server/FlipperServer/Photon-OnPremise-Server-SDK_v4-0-29-11263/src-server/MMo/Photon.MmoDemo.Server/bin/Photon.MmoDemo.Common.DLL
2016-09-04 21:46:46,438 [ 1] INFO  PhotonHostRuntime.PhotonDomainManager - PhotonRunning: ApplicationName = 'DefaultDomain', DomainId='1'
